<?xml version="1.0" encoding="UTF-8"?>
<testsuite name="com.clevertec.test.controller.AllGetMappingsProductControllerTest" tests="2" skipped="0" failures="0" errors="0" timestamp="2022-12-21T00:10:41" hostname="DMITRY" time="1.548">
  <properties/>
  <testcase name="get all products from DB if DB is not empty" classname="com.clevertec.test.controller.AllGetMappingsProductControllerTest" time="1.456"/>
  <testcase name="get instruction if web instruction is not empty" classname="com.clevertec.test.controller.AllGetMappingsProductControllerTest" time="0.076"/>
  <system-out><![CDATA[]]></system-out>
  <system-err><![CDATA[]]></system-err>
</testsuite>
